<?xml version="1.0" encoding="UTF-8"?>
<!-- Generated by org.testng.reporters.JUnitReportReporter -->
<testsuite hostname="DESKTOP-05GF38H" failures="0" tests="1" name="testcases.loginTest" time="7.158" errors="0" timestamp="24 Sep 2020 14:01:30 GMT">
  <testcase classname="testcases.loginTest" name="logintest" time="7.158"/>
</testsuite> <!-- testcases.loginTest -->
